c:\users\маша\documents\github\cppgame_flower_of_the_moon\flower of the moon text game\flower o.335549d5\x64\debug\vc143.pdb
c:\users\маша\documents\github\cppgame_flower_of_the_moon\flower of the moon text game\flower o.335549d5\x64\debug\vc143.idb
c:\users\маша\documents\github\cppgame_flower_of_the_moon\flower of the moon text game\flower o.335549d5\x64\debug\utils.obj
c:\users\маша\documents\github\cppgame_flower_of_the_moon\flower of the moon text game\flower o.335549d5\x64\debug\flower of the moon text game.obj
c:\users\маша\documents\github\cppgame_flower_of_the_moon\flower of the moon text game\flower o.335549d5\x64\debug\file_parser.obj
c:\users\маша\documents\github\cppgame_flower_of_the_moon\flower of the moon text game\flower o.335549d5\x64\debug\gameengine.obj
c:\users\маша\documents\github\cppgame_flower_of_the_moon\flower of the moon text game\flower o.335549d5\x64\debug\spellmanager.obj
c:\users\маша\documents\github\cppgame_flower_of_the_moon\flower of the moon text game\flower o.335549d5\x64\debug\spell.obj
c:\users\маша\documents\github\cppgame_flower_of_the_moon\flower of the moon text game\flower o.335549d5\x64\debug\player.obj
c:\users\маша\documents\github\cppgame_flower_of_the_moon\flower of the moon text game\flower o.335549d5\x64\debug\monstermanager.obj
c:\users\маша\documents\github\cppgame_flower_of_the_moon\flower of the moon text game\flower o.335549d5\x64\debug\monster.obj
c:\users\маша\documents\github\cppgame_flower_of_the_moon\flower of the moon text game\flower o.335549d5\x64\debug\itemmanager.obj
c:\users\маша\documents\github\cppgame_flower_of_the_moon\flower of the moon text game\flower o.335549d5\x64\debug\item.obj
c:\users\маша\documents\github\cppgame_flower_of_the_moon\flower of the moon text game\flower o.335549d5\x64\debug\bookmanager.obj
c:\users\маша\documents\github\cppgame_flower_of_the_moon\flower of the moon text game\flower o.335549d5\x64\debug\book.obj
c:\users\маша\documents\github\cppgame_flower_of_the_moon\flower of the moon text game\flower o.335549d5\x64\debug\actionmanager.obj
c:\users\маша\documents\github\cppgame_flower_of_the_moon\flower of the moon text game\flower o.335549d5\x64\debug\action.obj
c:\users\маша\documents\github\cppgame_flower_of_the_moon\flower of the moon text game\flower o.335549d5\x64\debug\dataloader.obj
c:\users\маша\documents\github\cppgame_flower_of_the_moon\flower of the moon text game\flower o.335549d5\x64\debug\data_structures.obj
c:\users\маша\documents\github\cppgame_flower_of_the_moon\flower of the moon text game\x64\debug\flower of the moon text game.exe
c:\users\маша\documents\github\cppgame_flower_of_the_moon\flower of the moon text game\x64\debug\flower of the moon text game.pdb
c:\users\маша\documents\github\cppgame_flower_of_the_moon\flower of the moon text game\flower o.335549d5\x64\debug\flower of the moon text game.ilk
c:\users\маша\documents\github\cppgame_flower_of_the_moon\flower of the moon text game\flower o.335549d5\x64\debug\flower o.335549d5.tlog\cl.command.1.tlog
c:\users\маша\documents\github\cppgame_flower_of_the_moon\flower of the moon text game\flower o.335549d5\x64\debug\flower o.335549d5.tlog\cl.items.tlog
c:\users\маша\documents\github\cppgame_flower_of_the_moon\flower of the moon text game\flower o.335549d5\x64\debug\flower o.335549d5.tlog\cl.read.1.tlog
c:\users\маша\documents\github\cppgame_flower_of_the_moon\flower of the moon text game\flower o.335549d5\x64\debug\flower o.335549d5.tlog\cl.write.1.tlog
c:\users\маша\documents\github\cppgame_flower_of_the_moon\flower of the moon text game\flower o.335549d5\x64\debug\flower o.335549d5.tlog\link.command.1.tlog
c:\users\маша\documents\github\cppgame_flower_of_the_moon\flower of the moon text game\flower o.335549d5\x64\debug\flower o.335549d5.tlog\link.read.1.tlog
c:\users\маша\documents\github\cppgame_flower_of_the_moon\flower of the moon text game\flower o.335549d5\x64\debug\flower o.335549d5.tlog\link.secondary.1.tlog
c:\users\маша\documents\github\cppgame_flower_of_the_moon\flower of the moon text game\flower o.335549d5\x64\debug\flower o.335549d5.tlog\link.write.1.tlog
